<?xml version="1.0" encoding="UTF-8"?>
<!-- Generated by org.testng.reporters.JUnitReportReporter -->
<testsuite skipped="0" hostname="LAPTOP-2CUQSPR5" name="cases.LandingPageTest" tests="1" failures="0" timestamp="2020-10-19T09:19:48 IST" time="19.600" errors="0">
  <testcase name="dummy" time="19.600" classname="cases.LandingPageTest"/>
  <system-out/>
</testsuite> <!-- cases.LandingPageTest -->
