<?xml version="1.0" encoding="UTF-8"?>
<!-- Generated by org.testng.reporters.JUnitReportReporter -->
<testsuite skipped="0" hostname="LAPTOP-2CUQSPR5" name="cases.RegistrationPageTest" tests="1" failures="0" timestamp="2020-10-19T09:19:48 IST" time="25.004" errors="0">
  <testcase name="Registration" time="25.004" classname="cases.RegistrationPageTest"/>
  <system-out/>
</testsuite> <!-- cases.RegistrationPageTest -->
