<?xml version="1.0" encoding="UTF-8"?>
<!-- Generated by org.testng.reporters.JUnitReportReporter -->
<testsuite skipped="0" hostname="LAPTOP-2CUQSPR5" name="cases.SignInPageTest" tests="1" failures="0" timestamp="2020-10-19T09:19:48 IST" time="30.777" errors="0">
  <testcase name="two" time="30.777" classname="cases.SignInPageTest"/>
  <system-out/>
</testsuite> <!-- cases.SignInPageTest -->
